# JRE version: OpenJDK Runtime Environment JBR-17.0.10+1-1087.17-jcef (17.0.10+1) (build 17.0.10+1-b1087.17)
# Java VM: OpenJDK 64-Bit Server VM JBR-17.0.10+1-1087.17-jcef (17.0.10+1-b1087.17, mixed mode, tiered, compressed oops, compressed class ptrs, g1 gc, windows-amd64)
GC Precious Log:
 CPUs: 16 total, 16 available
 Memory: 16108M
 Large Page Support: Disabled
 NUMA Support: Disabled
 Compressed Oops: Enabled (32-bit)
 Heap Region Size: 1M
 Heap Min Capacity: 128M
 Heap Initial Capacity: 128M
 Heap Max Capacity: 2G
 Pre-touch: Disabled
 Parallel Workers: 13
 Concurrent Workers: 3
 Concurrent Refinement Workers: 13
 Periodic GC: Disabled
Heap:
 garbage-first heap   total 131072K, used 13881K [0x0000000080000000, 0x0000000100000000)
  region size 1024K, 6 young (6144K), 0 survivors (0K)
 Metaspace       used 21011K, committed 21632K, reserved 1114112K
  class space    used 2070K, committed 2304K, reserved 1048576K
GC Heap History (20 events):
Event: 1513.062 GC heap before
{Heap before GC invocations=1 (full 0):
 garbage-first heap   total 131072K, used 33028K [0x0000000080000000, 0x0000000100000000)
  region size 1024K, 28 young (28672K), 3 survivors (3072K)
 Metaspace       used 19802K, committed 20096K, reserved 1114112K
  class space    used 1978K, committed 2112K, reserved 1048576K
}
Event: 1513.065 GC heap after
{Heap after GC invocations=2 (full 0):
 garbage-first heap   total 131072K, used 9243K [0x0000000080000000, 0x0000000100000000)
  region size 1024K, 1 young (1024K), 1 survivors (1024K)
 Metaspace       used 19802K, committed 20096K, reserved 1114112K
  class space    used 1978K, committed 2112K, reserved 1048576K
}
Event: 3600.009 GC heap before
{Heap before GC invocations=2 (full 0):
 garbage-first heap   total 131072K, used 21531K [0x0000000080000000, 0x0000000100000000)
  region size 1024K, 14 young (14336K), 1 survivors (1024K)
 Metaspace       used 19895K, committed 20224K, reserved 1114112K
  class space    used 1981K, committed 2112K, reserved 1048576K
}
Event: 3600.030 GC heap after
{Heap after GC invocations=3 (full 1):
 garbage-first heap   total 131072K, used 8912K [0x0000000080000000, 0x0000000100000000)
  region size 1024K, 0 young (0K), 0 survivors (0K)
 Metaspace       used 19863K, committed 20224K, reserved 1114112K
  class space    used 1974K, committed 2112K, reserved 1048576K
}
Event: 7104.149 GC heap before
{Heap before GC invocations=3 (full 1):
 garbage-first heap   total 131072K, used 85712K [0x0000000080000000, 0x0000000100000000)
  region size 1024K, 76 young (77824K), 0 survivors (0K)
 Metaspace       used 21177K, committed 21504K, reserved 1114112K
  class space    used 2114K, committed 2304K, reserved 1048576K
}
Event: 7104.154 GC heap after
{Heap after GC invocations=4 (full 1):
 garbage-first heap   total 131072K, used 12901K [0x0000000080000000, 0x0000000100000000)
  region size 1024K, 4 young (4096K), 4 survivors (4096K)
 Metaspace       used 21177K, committed 21504K, reserved 1114112K
  class space    used 2114K, committed 2304K, reserved 1048576K
}
Event: 7200.031 GC heap before
{Heap before GC invocations=4 (full 1):
 garbage-first heap   total 131072K, used 39525K [0x0000000080000000, 0x0000000100000000)
  region size 1024K, 31 young (31744K), 4 survivors (4096K)
 Metaspace       used 21240K, committed 21632K, reserved 1114112K
  class space    used 2119K, committed 2304K, reserved 1048576K
}
Event: 7200.047 GC heap after
{Heap after GC invocations=5 (full 2):
 garbage-first heap   total 131072K, used 8986K [0x0000000080000000, 0x0000000100000000)
  region size 1024K, 0 young (0K), 0 survivors (0K)
 Metaspace       used 21048K, committed 21632K, reserved 1114112K
  class space    used 2077K, committed 2304K, reserved 1048576K
}
Event: 10800.056 GC heap before
{Heap before GC invocations=5 (full 2):
 garbage-first heap   total 131072K, used 14106K [0x0000000080000000, 0x0000000100000000)
  region size 1024K, 6 young (6144K), 0 survivors (0K)
 Metaspace       used 21050K, committed 21632K, reserved 1114112K
  class space    used 2078K, committed 2304K, reserved 1048576K
}
Event: 10800.121 GC heap after
{Heap after GC invocations=6 (full 3):
 garbage-first heap   total 131072K, used 8947K [0x0000000080000000, 0x0000000100000000)
  region size 1024K, 0 young (0K), 0 survivors (0K)
 Metaspace       used 21050K, committed 21632K, reserved 1114112K
  class space    used 2078K, committed 2304K, reserved 1048576K
}
Event: 14400.140 GC heap before
{Heap before GC invocations=6 (full 3):
 garbage-first heap   total 131072K, used 14067K [0x0000000080000000, 0x0000000100000000)
  region size 1024K, 6 young (6144K), 0 survivors (0K)
 Metaspace       used 21053K, committed 21632K, reserved 1114112K
  class space    used 2078K, committed 2304K, reserved 1048576K
}
Event: 14400.202 GC heap after
{Heap after GC invocations=7 (full 4):
 garbage-first heap   total 131072K, used 8780K [0x0000000080000000, 0x0000000100000000)
  region size 1024K, 0 young (0K), 0 survivors (0K)
 Metaspace       used 21001K, committed 21632K, reserved 1114112K
  class space    used 2070K, committed 2304K, reserved 1048576K
}
Event: 18000.208 GC heap before
{Heap before GC invocations=7 (full 4):
 garbage-first heap   total 131072K, used 13900K [0x0000000080000000, 0x0000000100000000)
  region size 1024K, 6 young (6144K), 0 survivors (0K)
 Metaspace       used 21005K, committed 21632K, reserved 1114112K
  class space    used 2070K, committed 2304K, reserved 1048576K
}
Event: 18000.253 GC heap after
{Heap after GC invocations=8 (full 5):
 garbage-first heap   total 131072K, used 8761K [0x0000000080000000, 0x0000000100000000)
  region size 1024K, 0 young (0K), 0 survivors (0K)
 Metaspace       used 21005K, committed 21632K, reserved 1114112K
  class space    used 2070K, committed 2304K, reserved 1048576K
}
Event: 21600.254 GC heap before
{Heap before GC invocations=8 (full 5):
 garbage-first heap   total 131072K, used 13881K [0x0000000080000000, 0x0000000100000000)
  region size 1024K, 6 young (6144K), 0 survivors (0K)
 Metaspace       used 21007K, committed 21632K, reserved 1114112K
  class space    used 2070K, committed 2304K, reserved 1048576K
}
Event: 21600.264 GC heap after
{Heap after GC invocations=9 (full 6):
 garbage-first heap   total 131072K, used 8761K [0x0000000080000000, 0x0000000100000000)
  region size 1024K, 0 young (0K), 0 survivors (0K)
 Metaspace       used 21007K, committed 21632K, reserved 1114112K
  class space    used 2070K, committed 2304K, reserved 1048576K
}
Event: 25200.268 GC heap before
{Heap before GC invocations=9 (full 6):
 garbage-first heap   total 131072K, used 13881K [0x0000000080000000, 0x0000000100000000)
  region size 1024K, 6 young (6144K), 0 survivors (0K)
 Metaspace       used 21008K, committed 21632K, reserved 1114112K
  class space    used 2070K, committed 2304K, reserved 1048576K
}
Event: 25200.316 GC heap after
{Heap after GC invocations=10 (full 7):
 garbage-first heap   total 131072K, used 8761K [0x0000000080000000, 0x0000000100000000)
  region size 1024K, 0 young (0K), 0 survivors (0K)
 Metaspace       used 21008K, committed 21632K, reserved 1114112K
  class space    used 2070K, committed 2304K, reserved 1048576K
}
Event: 28800.317 GC heap before
{Heap before GC invocations=10 (full 7):
 garbage-first heap   total 131072K, used 13881K [0x0000000080000000, 0x0000000100000000)
  region size 1024K, 6 young (6144K), 0 survivors (0K)
 Metaspace       used 21009K, committed 21632K, reserved 1114112K
  class space    used 2070K, committed 2304K, reserved 1048576K
}
Event: 28800.326 GC heap after
{Heap after GC invocations=11 (full 8):
 garbage-first heap   total 131072K, used 8761K [0x0000000080000000, 0x0000000100000000)
  region size 1024K, 0 young (0K), 0 survivors (0K)
 Metaspace       used 21009K, committed 21632K, reserved 1114112K
  class space    used 2070K, committed 2304K, reserved 1048576K
}

